{
  "quoteResponse": {
    "result": [
      {
        "language": "en-US",
        "region": "US",
        "quoteType": "EQUITY",
        "typeDisp": "Equity",
        "quoteSourceName": "Nasdaq Real Time Price",
        "triggerable": true,
        "customPriceAlertConfidence": "HIGH",
        "currency": "USD",
        "marketState": "POST",
        "regularMarketChangePercent": 1.270228,
        "regularMarketPrice": 169.02,
        "exchange": "NMS",
        "shortName": "Apple Inc.",
        "longName": "Apple Inc.",
        "messageBoardId": "finmb_24937",
        "exchangeTimezoneName": "America/New_York",
        "exchangeTimezoneShortName": "EDT",
        "gmtOffSetMilliseconds": -14400000,
        "market": "us_market",
        "esgPopulated": false,
        "hasPrePostMarketData": true,
        "firstTradeDateMilliseconds": 345479400000,
        "priceHint": 2,
        "postMarketChangePercent": 0.05028485,
        "postMarketTime": 1714000178,
        "postMarketPrice": 169.105,
        "postMarketChange": 0.084991455,
        "regularMarketChange": 2.1200104,
        "regularMarketTime": 1713988801,
        "regularMarketDayHigh": 169.3,
        "regularMarketDayRange": "166.21 - 169.3",
        "regularMarketDayLow": 166.21,
        "regularMarketVolume": 47315677,
        "regularMarketPreviousClose": 166.9,
        "bid": 168.95,
        "ask": 169.06,
        "bidSize": 3,
        "askSize": 3,
        "fullExchangeName": "NasdaqGS",
        "financialCurrency": "USD",
        "regularMarketOpen": 166.4,
        "averageDailyVolume3Month": 61607143,
        "averageDailyVolume10Day": 64844620,
        "fiftyTwoWeekLowChange": 6.220001,
        "fiftyTwoWeekLowChangePercent": 0.038206395,
        "fiftyTwoWeekRange": "162.8 - 199.62",
        "fiftyTwoWeekHighChange": -30.59999,
        "fiftyTwoWeekHighChangePercent": -0.15329121,
        "fiftyTwoWeekLow": 162.8,
        "fiftyTwoWeekHigh": 199.62,
        "fiftyTwoWeekChangePercent": 1.9174457,
        "dividendDate": 1707955200,
        "earningsTimestamp": 1714680000,
        "earningsTimestampStart": 1714680000,
        "earningsTimestampEnd": 1714680000,
        "trailingAnnualDividendRate": 0.95,
        "trailingPE": 26.28616,
        "dividendRate": 0.96,
        "trailingAnnualDividendYield": 0.0056920312,
        "dividendYield": 0.58,
        "epsTrailingTwelveMonths": 6.43,
        "epsForward": 7.13,
        "epsCurrentYear": 6.54,
        "priceEpsCurrentYear": 25.844038,
        "sharesOutstanding": 15441899520,
        "bookValue": 4.793,
        "fiftyDayAverage": 174.2486,
        "fiftyDayAverageChange": -5.228592,
        "fiftyDayAverageChangePercent": -0.030006507,
        "twoHundredDayAverage": 181.95094,
        "twoHundredDayAverageChange": -12.930939,
        "twoHundredDayAverageChangePercent": -0.07106827,
        "marketCap": 2609989812224,
        "forwardPE": 23.70547,
        "priceToBook": 35.263927,
        "sourceInterval": 15,
        "exchangeDataDelayedBy": 0,
        "averageAnalystRating": "2.2 - Buy",
        "tradeable": false,
        "cryptoTradeable": false,
        "displayName": "Apple",
        "symbol": "AAPL"
      }
    ],
    "error": null
  }
}